<?xml version="1.0" encoding="UTF-8"?>
<!-- Generated by org.testng.reporters.JUnitReportReporter -->
<testsuite hostname="DUSHYs-MacBook-Pro.local" failures="0" tests="1" name="cucumber.ScenarioContext" time="0.005" errors="0" timestamp="2020-05-15T15:15:21 IST" skipped="0">
  <testcase classname="cucumber.ScenarioContext" name="abc" time="0.005"/>
  <system-out/>
</testsuite> <!-- cucumber.ScenarioContext -->
