<?xml version="1.0" encoding="UTF-8"?>
<!-- Generated by org.testng.reporters.JUnitReportReporter -->
<testsuite hostname="DUSHYs-MacBook-Pro.local" failures="0" tests="1" name="managers.RequestManager" time="0.006" errors="0" timestamp="2020-05-15T18:28:04 IST" skipped="0">
  <testcase classname="managers.RequestManager" name="abc" time="0.006"/>
  <system-out/>
</testsuite> <!-- managers.RequestManager -->
