<?xml version="1.0" encoding="UTF-8"?>
<!-- Generated by org.testng.reporters.JUnitReportReporter -->
<testsuite hostname="DUSHYs-MacBook-Pro.local" failures="0" tests="1" name="managers.ConfigFileReader" time="0.006" errors="0" timestamp="2020-05-15T14:29:24 IST" skipped="0">
  <testcase classname="managers.ConfigFileReader" name="abc" time="0.006"/>
  <system-out/>
</testsuite> <!-- managers.ConfigFileReader -->
